Flow report for FPGA_DEMO
Tue Apr 09 17:31:27 2019
Quartus II 64-Bit Version 13.0.1 Build 232 06/12/2013 Service Pack 1 SJ Web Edition


---------------------
; Table of Contents ;
---------------------
  1. Legal Notice
  2. Flow Summary
  3. Flow Settings
  4. Flow Non-Default Global Settings
  5. Flow Elapsed Time
  6. Flow OS Summary
  7. Flow Log
  8. Flow Messages
  9. Flow Suppressed Messages



----------------
; Legal Notice ;
----------------
Copyright (C) 1991-2013 Altera Corporation
Your use of Altera Corporation's design tools, logic functions 
and other software and tools, and its AMPP partner logic 
functions, and any output files from any of the foregoing 
(including device programming or simulation files), and any 
associated documentation or information are expressly subject 
to the terms and conditions of the Altera Program License 
Subscription Agreement, Altera MegaCore Function License 
Agreement, or other applicable license agreement, including, 
without limitation, that your use is for the sole purpose of 
programming logic devices manufactured by Altera and sold by 
Altera or its authorized distributors.  Please refer to the 
applicable agreement for further details.



+--------------------------------------------------------------------------------------+
; Flow Summary                                                                         ;
+------------------------------------+-------------------------------------------------+
; Flow Status                        ; Successful - Tue Apr 09 17:31:13 2019           ;
; Quartus II 64-Bit Version          ; 13.0.1 Build 232 06/12/2013 SP 1 SJ Web Edition ;
; Revision Name                      ; FPGA_DEMO                                       ;
; Top-level Entity Name              ; fpga_demo                                       ;
; Family                             ; Cyclone IV E                                    ;
; Device                             ; EP4CE10F17I7                                    ;
; Timing Models                      ; Final                                           ;
; Total logic elements               ; 8,391 / 10,320 ( 81 % )                         ;
;     Total combinational functions  ; 7,626 / 10,320 ( 74 % )                         ;
;     Dedicated logic registers      ; 3,371 / 10,320 ( 33 % )                         ;
; Total registers                    ; 3371                                            ;
; Total pins                         ; 157 / 180 ( 87 % )                              ;
; Total virtual pins                 ; 0                                               ;
; Total memory bits                  ; 93,696 / 423,936 ( 22 % )                       ;
; Embedded Multiplier 9-bit elements ; 2 / 46 ( 4 % )                                  ;
; Total PLLs                         ; 1 / 2 ( 50 % )                                  ;
+------------------------------------+-------------------------------------------------+


+-----------------------------------------+
; Flow Settings                           ;
+-------------------+---------------------+
; Option            ; Setting             ;
+-------------------+---------------------+
; Start date & time ; 04/09/2019 17:28:49 ;
; Main task         ; Compilation         ;
; Revision Name     ; FPGA_DEMO           ;
+-------------------+---------------------+


+-----------------------------------------------------------------------------------------------------------------------+
; Flow Non-Default Global Settings                                                                                      ;
+-------------------------------------+--------------------------------------+---------------+-------------+------------+
; Assignment Name                     ; Value                                ; Default Value ; Entity Name ; Section Id ;
+-------------------------------------+--------------------------------------+---------------+-------------+------------+
; COMPILER_SIGNATURE_ID               ; 150935011708.155480212903180         ; --            ; --          ; --         ;
; IP_TOOL_NAME                        ; ALTPLL                               ; --            ; --          ; --         ;
; IP_TOOL_NAME                        ; FIFO                                 ; --            ; --          ; --         ;
; IP_TOOL_NAME                        ; FIFO                                 ; --            ; --          ; --         ;
; IP_TOOL_VERSION                     ; 13.0                                 ; --            ; --          ; --         ;
; IP_TOOL_VERSION                     ; 13.0                                 ; --            ; --          ; --         ;
; IP_TOOL_VERSION                     ; 13.0                                 ; --            ; --          ; --         ;
; MAX_CORE_JUNCTION_TEMP              ; 100                                  ; --            ; --          ; --         ;
; MIN_CORE_JUNCTION_TEMP              ; -40                                  ; --            ; --          ; --         ;
; MISC_FILE                           ; rtl/megafunc/pll.bsf                 ; --            ; --          ; --         ;
; MISC_FILE                           ; rtl/megafunc/pll_bb.v                ; --            ; --          ; --         ;
; MISC_FILE                           ; rtl/megafunc/pll.ppf                 ; --            ; --          ; --         ;
; MISC_FILE                           ; rtl/megafunc/fifo/dcfifow96_bb.v     ; --            ; --          ; --         ;
; MISC_FILE                           ; rtl/megafunc/fifo/scfifow48_pic_bb.v ; --            ; --          ; --         ;
; OUTPUT_IO_TIMING_FAR_END_VMEAS      ; Half Signal Swing                    ; --            ; --          ; --         ;
; OUTPUT_IO_TIMING_FAR_END_VMEAS      ; Half Signal Swing                    ; --            ; --          ; --         ;
; OUTPUT_IO_TIMING_NEAR_END_VMEAS     ; Half Vccio                           ; --            ; --          ; --         ;
; OUTPUT_IO_TIMING_NEAR_END_VMEAS     ; Half Vccio                           ; --            ; --          ; --         ;
; PARTITION_COLOR                     ; 16764057                             ; --            ; fpga_demo   ; Top        ;
; PARTITION_FITTER_PRESERVATION_LEVEL ; PLACEMENT_AND_ROUTING                ; --            ; fpga_demo   ; Top        ;
; PARTITION_NETLIST_TYPE              ; SOURCE                               ; --            ; fpga_demo   ; Top        ;
; PROJECT_OUTPUT_DIRECTORY            ; output_files                         ; --            ; --          ; --         ;
+-------------------------------------+--------------------------------------+---------------+-------------+------------+


+-------------------------------------------------------------------------------------------------------------------------------+
; Flow Elapsed Time                                                                                                             ;
+---------------------------+--------------+-------------------------+---------------------+------------------------------------+
; Module Name               ; Elapsed Time ; Average Processors Used ; Peak Virtual Memory ; Total CPU Time (on all processors) ;
+---------------------------+--------------+-------------------------+---------------------+------------------------------------+
; Analysis & Synthesis      ; 00:00:46     ; 1.0                     ; 537 MB              ; 00:00:41                           ;
; Fitter                    ; 00:01:27     ; 1.0                     ; 803 MB              ; 00:01:24                           ;
; Assembler                 ; 00:00:03     ; 1.0                     ; 421 MB              ; 00:00:02                           ;
; TimeQuest Timing Analyzer ; 00:00:13     ; 1.0                     ; 570 MB              ; 00:00:13                           ;
; Total                     ; 00:02:29     ; --                      ; --                  ; 00:02:20                           ;
+---------------------------+--------------+-------------------------+---------------------+------------------------------------+


+----------------------------------------------------------------------------------------+
; Flow OS Summary                                                                        ;
+---------------------------+------------------+-----------+------------+----------------+
; Module Name               ; Machine Hostname ; OS Name   ; OS Version ; Processor type ;
+---------------------------+------------------+-----------+------------+----------------+
; Analysis & Synthesis      ; XMPCRDD0070      ; Windows 7 ; 6.1        ; x86_64         ;
; Fitter                    ; XMPCRDD0070      ; Windows 7 ; 6.1        ; x86_64         ;
; Assembler                 ; XMPCRDD0070      ; Windows 7 ; 6.1        ; x86_64         ;
; TimeQuest Timing Analyzer ; XMPCRDD0070      ; Windows 7 ; 6.1        ; x86_64         ;
+---------------------------+------------------+-----------+------------+----------------+


------------
; Flow Log ;
------------
quartus_map --read_settings_files=on --write_settings_files=off fpga_demo -c FPGA_DEMO
quartus_fit --read_settings_files=off --write_settings_files=off fpga_demo -c FPGA_DEMO
quartus_asm --read_settings_files=off --write_settings_files=off fpga_demo -c FPGA_DEMO
quartus_sta fpga_demo -c FPGA_DEMO



